Fetching 2005...
Fetching 2006...
Fetching 2007...
Fetching 2008...
Fetching 2009...
Fetching 2010...
Fetching 2011...
Fetching 2012...
Fetching 2013...
Fetching 2014...
Fetching 2015...
Fetching 2016...
Fetching 2017...
Fetching 2018...
Fetching 2019...
Fetching 2020...
Fetching 2021...
Fetching 2022...
Fetching 2023...
Fetching 2024...
Fetching 2025...
Fetching 2026...
  +coverage C for swac|era1: Akeim Claborn (14.9 PPG)
  +coverage PG for sunbelt|era1: Bobby Dixon (17.6 PPG)
  +coverage PG for wac|era1: Matthew Lojeski (18.5 PPG)
  +coverage PG for swac|era2: Antwan Scott (15.9 PPG)
  +coverage C for southern|era2: Z. Mason (17.7 PPG)
  +coverage C for meac|era2: Thomas Coleman (17 PPG)
  +coverage C for southland|era2: Desharick Guidry (17.3 PPG)
  +coverage C for bigsky|era2: Venky Jois (16.8 PPG)
  +coverage C for nec|era3: Jerome Frink (17.5 PPG)
  +coverage C for bigsouth|era3: Lotanna Nwogbo (15.9 PPG)
  +coverage PF for bigsky|era3: Cameron Forte (19.2 PPG)
  +coverage PF for southland|era4: Diante Smith (16 PPG)
  +coverage C for southland|era4: Kendal Coleman (15.4 PPG)
  +coverage C for asun|era4: Isaiah Cozart (15.6 PPG)
  +coverage C for bigwest|era4: E.J. Anosike (16.3 PPG)
  +coverage C for caa|era4: Jyare Davis (17.1 PPG)
  +coverage PF for meac|era4: Troy Baxter Jr. (15.5 PPG)
  +coverage C for meac|era4: Troy Hupstead (13.3 PPG)
  +coverage PF for swac|era5: Jaquan Scott (16 PPG)
  +coverage C for swac|era5: Troy Hupstead (14.6 PPG)
  +coverage PF for bigwest|era5: Marcus Adams Jr. (16.1 PPG)
  +coverage C for bigwest|era5: Bent Leuchten (15.4 PPG)
  +coverage PG for meac|era5: Jayden Johnson (13.4 PPG)
  +coverage PF for meac|era5: Kaseem Watson (15.5 PPG)
  +coverage C for meac|era5: Jaquel Morris (4.6 PPG)
  +coverage C for southland|era5: Garry Clark (14.9 PPG)
  +coverage C for ovc|era5: Andrija Bukumirović (13.8 PPG)
  +coverage C for bigsky|era5: Carson Towt (13.3 PPG)
  +coverage C for cusa|era5: Babacar Faye (15.2 PPG)

Done — 2909 players across 153 conference/era combos
