Fetching 2005...
Fetching 2006...
Fetching 2007...
Fetching 2008...
Fetching 2009...
Fetching 2010...
Fetching 2011...
Fetching 2012...
Fetching 2013...
Fetching 2014...
Fetching 2015...
Fetching 2016...
Fetching 2017...
Fetching 2018...
Fetching 2019...
Fetching 2020...
Fetching 2021...
Fetching 2022...
Fetching 2023...
Fetching 2024...
Fetching 2025...
Fetching 2026...
  +coverage C for mac|era1: Yassin Idbihi (15.8 PPG)
  +coverage C for swac|era1: Akeim Claborn (14.9 PPG)
  +coverage C for southern|era1: Demetrius Nelson (16.3 PPG)
  +coverage C for asun|era1: Simon Conn (15.6 PPG)
  +coverage SF for meac|era1: Neal Pitt (16 PPG)
  +coverage C for meac|era1: Bruce Brown (14.7 PPG)
  +coverage C for wac|era1: Magnum Rolle (13.9 PPG)
  +coverage C for mvc|era1: Anthony Tolliver (13.5 PPG)
  +coverage C for horizon|era1: Ryvon Covile (13.5 PPG)
  +coverage C for bigwest|era1: Darren Fells (14.3 PPG)
  +coverage C for maac|era1: Greg Jenkins (16 PPG)
  +coverage C for a10|era1: Kieron Achara (16.4 PPG)
  +coverage C for cusa|era1: Jerome Adolphus Jordan (15.4 PPG)
  +coverage C for summit|era1: Keith Benson (17.3 PPG)
  +coverage C for caa|era1: Frank Elegar (15.7 PPG)
  +coverage C for southland|era1: Matt Kingsley (15.8 PPG)
  +coverage C for mwc|era2: Colton Iverson (14.3 PPG)
  +coverage C for mac|era2: Shayne Whittington (16.1 PPG)
  +coverage SF for swac|era2: Travele Jones (16 PPG)
  +coverage C for southern|era2: Mike Groselle (16.3 PPG)
  +coverage C for pac12|era2: Stefan Nastic (13.4 PPG)
  +coverage C for sunbelt|era2: Bernard Toombs (9.6 PPG)
  +coverage C for ovc|era2: Kenneth Faried (17.4 PPG)
  +coverage C for wcc|era2: Sam Dower (14.4 PPG)
  +coverage C for asun|era2: Adam Pegg (15.6 PPG)
  +coverage C for meac|era2: Thomas Coleman (17 PPG)
  +coverage C for wac|era2: Killian Larson (17.2 PPG)
  +coverage C for mvc|era2: Garrett Stutz (14.1 PPG)
  +coverage C for nec|era2: Lijah Thompson (8.6 PPG)
  +coverage C for a10|era2: Aaric  Murray (15.2 PPG)
  +coverage C for horizon|era2: Eli Holman (11.8 PPG)
  +coverage C for bigsouth|era2: Al'Lonzo Coleman (16.9 PPG)
  +coverage C for maac|era2: Chris Perez (12.9 PPG)
  +coverage C for southland|era2: Damen Bell-Holter (16.6 PPG)
  +coverage C for caa|era2: DeShawn Painter (13.3 PPG)
  +coverage C for aac|era2: Yanick Moreira (10.8 PPG)
  +coverage C for bigeast|era2: Vincent Council (15.6 PPG)
  +coverage C for cusa|era2: Adrian Diaz (13 PPG)
  +coverage SF for bigsky|era2: Jackson Stevenett (18.3 PPG)
  +coverage C for bigsky|era2: Brian Qvale (14.9 PPG)
  +coverage C for summit|era2: Keith Benson (17.9 PPG)
  +coverage C for swac|era3: Quinterian McConico (14 PPG)
  +coverage C for sec|era3: Tyler Davis (14.9 PPG)
  +coverage C for sunbelt|era3: Johnny Hamilton (11.1 PPG)
  +coverage C for pac12|era3: Onyeka Okongwu (16.2 PPG)
  +coverage C for ovc|era3: Chris Horton (18.8 PPG)
  +coverage C for big12|era3: Udoka Azubuike (13.7 PPG)
  +coverage C for meac|era3: Raasean Davis (15.1 PPG)
  +coverage C for ivy|era3: Darien Nelson-Henry (12.7 PPG)
  +coverage C for nec|era3: Deion Bute (10.1 PPG)
  +coverage C for bigwest|era3: Ioannis Dimakopoulos (10.9 PPG)
  +coverage C for wac|era3: Alessandro Lever (15.7 PPG)
  +coverage C for bigsouth|era3: Lotanna Nwogbo (15.9 PPG)
  +coverage C for maac|era3: Tyere Marshall (12.9 PPG)
  +coverage C for caa|era3: Anthony Green (8.8 PPG)
  +coverage C for cusa|era3: Adrian Diaz (15.3 PPG)
  +coverage SF for southern|era3: Matt Rafferty (17.5 PPG)
  +coverage C for southern|era3: Ruben Guerrero (13.5 PPG)
  +coverage C for aac|era3: Shaquille Morris (13.7 PPG)
  +coverage C for horizon|era3: Loudon Love (15.9 PPG)
  +coverage C for a10|era3: Tre Mitchell (17.7 PPG)
  +coverage C for summit|era3: Albert Owens (17.4 PPG)
  +coverage SF for bigsky|era3: Cameron Forte (19.2 PPG)
  +coverage C for bigsky|era3: Joshua Patton (13 PPG)
  +coverage SF for asun|era3: Derick Newton (17.8 PPG)
  +coverage SF for southland|era4: Diante Smith (16 PPG)
  +coverage C for southland|era4: Bonke Maring (13 PPG)
  +coverage C for wac|era4: Asbjorn Midtgaard (14.2 PPG)
  +coverage C for mwc|era4: Neemias Queta (14.9 PPG)
  +coverage C for mac|era4: Anderson Mirambeaux (14.3 PPG)
  +coverage SF for swac|era4: Jalen Johnson (16.5 PPG)
  +coverage C for swac|era4: Shannon Grant (10.4 PPG)
  +coverage PF for patriot|era4: Gerrale Gates (16.4 PPG)
  +coverage C for patriot|era4: Neal Quinn (14.7 PPG)
  +coverage C for ovc|era4: Nick Muszynski (15.8 PPG)
  +coverage C for wcc|era4: Chet Holmgren (14.1 PPG)
  +coverage C for asun|era4: Ahsan Asadullah (15.2 PPG)
  +coverage C for nec|era4: Vuk Stevanic (6.3 PPG)
  +coverage C for bigwest|era4: Antavion Collum (13 PPG)
  +coverage C for bigsouth|era4: Szymon Zapala (9.8 PPG)
  +coverage C for caa|era4: Amari Williams (13.7 PPG)
  +coverage SF for cusa|era4: Kenneth Lofton Jr. (16.5 PPG)
  +coverage C for aac|era4: Vladislav Goldin (15.7 PPG)
  +coverage C for horizon|era4: Loudon Love (16.6 PPG)
  +coverage SF for meac|era4: Troy Baxter Jr. (15.5 PPG)
  +coverage C for meac|era4: Brendan Medley-Bacon (12 PPG)
  +coverage C for summit|era4: Connor Vanover (12.7 PPG)
  +coverage C for ivy|era4: Danny Wolf (14.1 PPG)
  +coverage C for wac|era5: Kai Burdick (4 PPG)
  +coverage C for mwc|era5: Nelly Junior Joseph (14.2 PPG)
  +coverage C for mac|era5: Payton Sparks (12.6 PPG)
  +coverage SF for swac|era5: Tanahj Pettway (17 PPG)
  +coverage PF for swac|era5: Jaquan Scott (16 PPG)
  +coverage C for swac|era5: Shannon Grant (11.2 PPG)
  +coverage C for sec|era5: Matas Vokietaitis (15.6 PPG)
  +coverage C for sunbelt|era5: Cesare Edwards (16.1 PPG)
  +coverage C for asun|era5: Grant Asman (14.1 PPG)
  +coverage C for mvc|era5: Fred King (13.1 PPG)
  +coverage C for acc|era5: Lynn Kidd (11.5 PPG)
  +coverage C for ivy|era5: Samson Aletan (7.8 PPG)
  +coverage PF for bigwest|era5: Marcus Adams Jr. (16.1 PPG)
  +coverage C for bigwest|era5: Bent Leuchten (15.4 PPG)
  +coverage C for caa|era5: Patrick Wessler (13.6 PPG)
  +coverage C for maac|era5: Jhaylon Martinez (6.8 PPG)
  +coverage C for aac|era5: Anton Bonke (10.6 PPG)
  +coverage C for southern|era5: Armani Mighty (13.2 PPG)
  +coverage C for horizon|era5: Gabe Dynes (6.8 PPG)
  +coverage SF for meac|era5: Kaseem Watson (15.5 PPG)
  +coverage C for meac|era5: Jaquel Morris (4.6 PPG)
  +coverage C for southland|era5: Adam Hamilton (9.4 PPG)
  +coverage C for ovc|era5: Arnas Sakenis (8.8 PPG)
  +coverage C for bigsky|era5: Tre-Vaughn Minott (9.9 PPG)
  +coverage C for cusa|era5: Vianney Salatchoum (10.3 PPG)
  +coverage C for wcc|era5: Christoph Tilly (12.5 PPG)

Done — 2224 players across 153 conference/era combos
